<?xml version="1.0" encoding="UTF-8"?>
<testng-results ignored="0" total="5" passed="5" failed="0" skipped="0">
  <reporter-output>
  </reporter-output>
  <suite started-at="2026-01-31T22:34:33 IST" name="Suite" finished-at="2026-01-31T22:34:45 IST" duration-ms="11718">
    <groups>
    </groups>
    <test started-at="2026-01-31T22:34:33 IST" name="Test" finished-at="2026-01-31T22:34:45 IST" duration-ms="11718">
      <class name="Test.Shopsy_test">
        <test-method is-config="true" signature="setup()[pri:0, instance:Test.Shopsy_test@6b81ce95]" started-at="2026-01-31T22:34:33 IST" name="setup" finished-at="2026-01-31T22:34:36 IST" duration-ms="3025" status="PASS">
          <reporter-output>
          </reporter-output>
        </test-method> <!-- setup -->
        <test-method signature="logoverify()[pri:0, instance:Test.Shopsy_test@6b81ce95]" started-at="2026-01-31T22:34:36 IST" name="logoverify" finished-at="2026-01-31T22:34:36 IST" duration-ms="147" status="PASS">
          <reporter-output>
          </reporter-output>
        </test-method> <!-- logoverify -->
        <test-method is-config="true" signature="browserclose(org.testng.ITestResult)[pri:0, instance:Test.Shopsy_test@6b81ce95]" started-at="2026-01-31T22:34:36 IST" name="browserclose" finished-at="2026-01-31T22:34:36 IST" duration-ms="8" status="PASS">
          <params>
            <param index="0">
              <value>
                <![CDATA[[TestResult name=logoverify status=SUCCESS method=Shopsy_test.logoverify()[pri:0, instance:Test.Shopsy_test@6b81ce95] output={null}]]]>
              </value>
            </param>
          </params>
          <reporter-output>
          </reporter-output>
        </test-method> <!-- browserclose -->
        <test-method signature="home()[pri:1, instance:Test.Shopsy_test@6b81ce95]" started-at="2026-01-31T22:34:36 IST" name="home" finished-at="2026-01-31T22:34:37 IST" duration-ms="405" status="PASS">
          <reporter-output>
          </reporter-output>
        </test-method> <!-- home -->
        <test-method is-config="true" signature="browserclose(org.testng.ITestResult)[pri:0, instance:Test.Shopsy_test@6b81ce95]" started-at="2026-01-31T22:34:37 IST" name="browserclose" finished-at="2026-01-31T22:34:37 IST" duration-ms="0" status="PASS">
          <params>
            <param index="0">
              <value>
                <![CDATA[[TestResult name=home status=SUCCESS method=Shopsy_test.home()[pri:1, instance:Test.Shopsy_test@6b81ce95] output={null}]]]>
              </value>
            </param>
          </params>
          <reporter-output>
          </reporter-output>
        </test-method> <!-- browserclose -->
        <test-method signature="Screen()[pri:2, instance:Test.Shopsy_test@6b81ce95]" started-at="2026-01-31T22:34:37 IST" name="Screen" finished-at="2026-01-31T22:34:37 IST" duration-ms="445" status="PASS">
          <reporter-output>
          </reporter-output>
        </test-method> <!-- Screen -->
        <test-method is-config="true" signature="browserclose(org.testng.ITestResult)[pri:0, instance:Test.Shopsy_test@6b81ce95]" started-at="2026-01-31T22:34:37 IST" name="browserclose" finished-at="2026-01-31T22:34:37 IST" duration-ms="1" status="PASS">
          <params>
            <param index="0">
              <value>
                <![CDATA[[TestResult name=Screen status=SUCCESS method=Shopsy_test.Screen()[pri:2, instance:Test.Shopsy_test@6b81ce95] output={null}]]]>
              </value>
            </param>
          </params>
          <reporter-output>
          </reporter-output>
        </test-method> <!-- browserclose -->
        <test-method signature="flag()[pri:3, instance:Test.Shopsy_test@6b81ce95]" started-at="2026-01-31T22:34:37 IST" name="flag" finished-at="2026-01-31T22:34:37 IST" duration-ms="9" status="PASS">
          <reporter-output>
          </reporter-output>
        </test-method> <!-- flag -->
        <test-method is-config="true" signature="browserclose(org.testng.ITestResult)[pri:0, instance:Test.Shopsy_test@6b81ce95]" started-at="2026-01-31T22:34:37 IST" name="browserclose" finished-at="2026-01-31T22:34:37 IST" duration-ms="1" status="PASS">
          <params>
            <param index="0">
              <value>
                <![CDATA[[TestResult name=flag status=SUCCESS method=Shopsy_test.flag()[pri:3, instance:Test.Shopsy_test@6b81ce95] output={null}]]]>
              </value>
            </param>
          </params>
          <reporter-output>
          </reporter-output>
        </test-method> <!-- browserclose -->
        <test-method signature="navigate()[pri:4, instance:Test.Shopsy_test@6b81ce95]" started-at="2026-01-31T22:34:37 IST" name="navigate" finished-at="2026-01-31T22:34:44 IST" duration-ms="6897" status="PASS">
          <reporter-output>
          </reporter-output>
        </test-method> <!-- navigate -->
        <test-method is-config="true" signature="browserclose(org.testng.ITestResult)[pri:0, instance:Test.Shopsy_test@6b81ce95]" started-at="2026-01-31T22:34:44 IST" name="browserclose" finished-at="2026-01-31T22:34:44 IST" duration-ms="1" status="PASS">
          <params>
            <param index="0">
              <value>
                <![CDATA[[TestResult name=navigate status=SUCCESS method=Shopsy_test.navigate()[pri:4, instance:Test.Shopsy_test@6b81ce95] output={null}]]]>
              </value>
            </param>
          </params>
          <reporter-output>
          </reporter-output>
        </test-method> <!-- browserclose -->
        <test-method is-config="true" signature="browserclose()[pri:0, instance:Test.Shopsy_test@6b81ce95]" started-at="2026-01-31T22:34:44 IST" name="browserclose" finished-at="2026-01-31T22:34:45 IST" duration-ms="681" status="PASS">
          <reporter-output>
          </reporter-output>
        </test-method> <!-- browserclose -->
      </class> <!-- Test.Shopsy_test -->
    </test> <!-- Test -->
  </suite> <!-- Suite -->
</testng-results>
