<?xml version="1.0" encoding="UTF-8"?>
<!-- Generated by org.testng.reporters.JUnitReportReporter -->
<testsuite hostname="Akhila" failures="0" tests="5" name="Test.Shopsy_test" time="7.542" errors="0" timestamp="2026-01-31T21:57:57 IST" skipped="0">
  <testcase classname="Test.Shopsy_test" name="logoverify" time="0.159"/>
  <testcase classname="Test.Shopsy_test" name="home" time="0.364"/>
  <testcase classname="Test.Shopsy_test" name="Screen" time="0.411"/>
  <testcase classname="Test.Shopsy_test" name="flag" time="0.009"/>
  <testcase classname="Test.Shopsy_test" name="navigate" time="6.599"/>
</testsuite> <!-- Test.Shopsy_test -->
