<?xml version="1.0" encoding="UTF-8"?>
<!-- Generated by org.testng.reporters.JUnitXMLReporter -->
<testsuite ignored="0" hostname="Akhila" failures="0" tests="5" name="Test" time="11.718" errors="0" timestamp="2026-01-31T22:34:45 IST">
  <testcase classname="Test.Shopsy_test" name="logoverify" time="0.147"/>
  <testcase classname="Test.Shopsy_test" name="home" time="0.405"/>
  <testcase classname="Test.Shopsy_test" name="Screen" time="0.445"/>
  <testcase classname="Test.Shopsy_test" name="flag" time="0.009"/>
  <testcase classname="Test.Shopsy_test" name="navigate" time="6.897"/>
</testsuite> <!-- Test -->
